[2023-04-25 22:56:17] local.ERROR: Class "DOMDocument" not found {"exception":"[object] (Error(code: 0): Class \"DOMDocument\" not found at /mnt/d/work/carefer/carefer-task/vendor/nunomaduro/termwind/src/HtmlRenderer.php:32)
[stacktrace]
#0 /mnt/d/work/carefer/carefer-task/vendor/nunomaduro/termwind/src/HtmlRenderer.php(24): Termwind\\HtmlRenderer->parse()
#1 /mnt/d/work/carefer/carefer-task/vendor/nunomaduro/termwind/src/Functions.php(41): Termwind\\HtmlRenderer->render()
#2 /mnt/d/work/carefer/carefer-task/vendor/laravel/framework/src/Illuminate/Console/View/Components/Component.php(52): Termwind\\render()
#3 /mnt/d/work/carefer/carefer-task/vendor/laravel/framework/src/Illuminate/Console/View/Components/Line.php(49): Illuminate\\Console\\View\\Components\\Component->renderView()
#4 /mnt/d/work/carefer/carefer-task/vendor/laravel/framework/src/Illuminate/Console/View/Components/Info.php(18): Illuminate\\Console\\View\\Components\\Line->render()
#5 /mnt/d/work/carefer/carefer-task/vendor/laravel/framework/src/Illuminate/Console/View/Components/Factory.php(58): Illuminate\\Console\\View\\Components\\Info->render()
#6 /mnt/d/work/carefer/carefer-task/vendor/laravel/framework/src/Illuminate/Foundation/Console/ServeCommand.php(246): Illuminate\\Console\\View\\Components\\Factory->__call()
#7 /mnt/d/work/carefer/carefer-task/vendor/laravel/framework/src/Illuminate/Collections/Traits/EnumeratesValues.php(235): Illuminate\\Foundation\\Console\\ServeCommand->Illuminate\\Foundation\\Console\\{closure}()
#8 /mnt/d/work/carefer/carefer-task/vendor/laravel/framework/src/Illuminate/Foundation/Console/ServeCommand.php(293): Illuminate\\Support\\Collection->each()
#9 /mnt/d/work/carefer/carefer-task/vendor/symfony/process/Process.php(1274): Illuminate\\Foundation\\Console\\ServeCommand->Illuminate\\Foundation\\Console\\{closure}()
#10 /mnt/d/work/carefer/carefer-task/vendor/symfony/process/Process.php(1372): Symfony\\Component\\Process\\Process->Symfony\\Component\\Process\\{closure}()
#11 /mnt/d/work/carefer/carefer-task/vendor/symfony/process/Process.php(1292): Symfony\\Component\\Process\\Process->readPipes()
#12 /mnt/d/work/carefer/carefer-task/vendor/symfony/process/Process.php(836): Symfony\\Component\\Process\\Process->updateStatus()
#13 /mnt/d/work/carefer/carefer-task/vendor/laravel/framework/src/Illuminate/Foundation/Console/ServeCommand.php(102): Symfony\\Component\\Process\\Process->isRunning()
#14 /mnt/d/work/carefer/carefer-task/vendor/laravel/framework/src/Illuminate/Container/BoundMethod.php(36): Illuminate\\Foundation\\Console\\ServeCommand->handle()
#15 /mnt/d/work/carefer/carefer-task/vendor/laravel/framework/src/Illuminate/Container/Util.php(41): Illuminate\\Container\\BoundMethod::Illuminate\\Container\\{closure}()
#16 /mnt/d/work/carefer/carefer-task/vendor/laravel/framework/src/Illuminate/Container/BoundMethod.php(93): Illuminate\\Container\\Util::unwrapIfClosure()
#17 /mnt/d/work/carefer/carefer-task/vendor/laravel/framework/src/Illuminate/Container/BoundMethod.php(37): Illuminate\\Container\\BoundMethod::callBoundMethod()
#18 /mnt/d/work/carefer/carefer-task/vendor/laravel/framework/src/Illuminate/Container/Container.php(661): Illuminate\\Container\\BoundMethod::call()
#19 /mnt/d/work/carefer/carefer-task/vendor/laravel/framework/src/Illuminate/Console/Command.php(183): Illuminate\\Container\\Container->call()
#20 /mnt/d/work/carefer/carefer-task/vendor/symfony/console/Command/Command.php(291): Illuminate\\Console\\Command->execute()
#21 /mnt/d/work/carefer/carefer-task/vendor/laravel/framework/src/Illuminate/Console/Command.php(153): Symfony\\Component\\Console\\Command\\Command->run()
#22 /mnt/d/work/carefer/carefer-task/vendor/symfony/console/Application.php(1014): Illuminate\\Console\\Command->run()
#23 /mnt/d/work/carefer/carefer-task/vendor/symfony/console/Application.php(301): Symfony\\Component\\Console\\Application->doRunCommand()
#24 /mnt/d/work/carefer/carefer-task/vendor/symfony/console/Application.php(171): Symfony\\Component\\Console\\Application->doRun()
#25 /mnt/d/work/carefer/carefer-task/vendor/laravel/framework/src/Illuminate/Console/Application.php(102): Symfony\\Component\\Console\\Application->run()
#26 /mnt/d/work/carefer/carefer-task/vendor/laravel/framework/src/Illuminate/Foundation/Console/Kernel.php(155): Illuminate\\Console\\Application->run()
#27 /mnt/d/work/carefer/carefer-task/artisan(37): Illuminate\\Foundation\\Console\\Kernel->handle()
#28 {main}
"} 
